[business-starter-template.webflow.io/index.html]
[backblue.gif]
[fade.gif]
[index.html]
[assets.website-files.com/5c6eb5400253230156de2bd6/css/business-starter-template.webflow.d0b16c944.css]
[ajax.googleapis.com/ajax/libs/webfont/1.6.26/webfont.js]
[assets.website-files.com/img/webclip.png]
[assets.website-files.com/5c6eb5400253230156de2bd6/5c6eb8fd2f27afe12894fa4b_business-logo@2x.png]
[business-starter-template.webflow.io/about.html]
[business-starter-template.webflow.io/blog.html]
[business-starter-template.webflow.io/contact.html]
[assets.website-files.com/5c6eb5400253230156de2bd6/5c6eb8fd2f27af658094fa4a_menu-icon.png]
[business-starter-template.webflow.io/post/10-quick-tips-about-blogging.html]
[business-starter-template.webflow.io/post/7-of-the-best-examples-of-beautiful-blog-design.html]
[assets.website-files.com/5c6eb5400253230156de2bd6/5c6eb93aaf74a2025c4c7dcd_webflow-w-small@2x.png]
[d3e54v103j8qbb.cloudfront.net/js/jquery-3.4.1.min.220afd743d.js]
[business-starter-template.webflow.io/index.html]
[assets.website-files.com/5c6eb5400253230156de2bd6/js/webflow.35ee6e80f.js]
[d3e54v103j8qbb.cloudfront.net/img/example-bg.png]
[assets.website-files.com/5c6eb5400253230156de2bd6/css/business-starter-template.webflow.d0b16c944.css]
[business-starter-template.webflow.io/about.html]
[d1tdp7z6w94jbb.cloudfront.net/js/jquery-3.3.1.min.js]
[business-starter-template.webflow.io/post/5-principles-of-effective-web-design.html]
[business-starter-template.webflow.io/blog.html]
[business-starter-template.webflow.io/contact.html]
[business-starter-template.webflow.io/post/10-quick-tips-about-blogging.html]
[business-starter-template.webflow.io/post/7-of-the-best-examples-of-beautiful-blog-design.html]
[business-starter-template.webflow.io/post/5-principles-of-effective-web-design.html]
[business-starter-template.webflow.io/projects.html]
[business-starter-template.webflow.io/team.html]
[business-starter-template.webflow.io/post/15-best-blogs-to-follow-about-web-design.html]
[business-starter-template.webflow.io/_https_/assets.website-files.com/5c6eb9f0eb770b84a8ff66db/5cdc1eb2a4217f50a3160073_placeholder 1.html]
[business-starter-template.webflow.io/_https_/assets.website-files.com/5c6eb9f0eb770b84a8ff66db/5cdc1ec04b4caf7fe15e32ac_placeholder 2.html]
[business-starter-template.webflow.io/_https_/assets.website-files.com/5c6eb9f0eb770b84a8ff66db/5cdc1eccd7274d4227c5c921_placeholder 3.html]
[business-starter-template.webflow.io/post/14-common-misconceptions-about-web-design.html]
[business-starter-template.webflow.io/post/_https_/assets.website-files.com/5c6eb9f0eb770b84a8ff66db/5cdc1eb2a4217f50a3160073_placeholder 1.html]
[business-starter-template.webflow.io/post/_https_/assets.website-files.com/5c6eb9f0eb770b84a8ff66db/5cdc1eccd7274d4227c5c921_placeholder 3.html]
